[2026-05-10T23:59:42+08:00] 开始任务 #1: /Users/sliu/.local/bin/dreamina text2video --prompt '吉卜力式温馨治愈日系二维手绘动画，暖黄柔光，线条柔和，狗狗毛发蓬松，场景生活化，科普示意保持同一治愈动画风格。 无字幕文字水印，无真实摄影，无3D，无人声口型，嘴巴自然闭合。 16:9 横屏。本段主场景：家门口玄关或客厅入口处。本段狗狗和主人状态：狗狗连续做出扑跳、摇尾、舔脸三个动作，主人被动接受并露出习以为常的表情，主人和狗狗对视，周围出现温柔心跳光圈但不夸张。本段按时间轴分镜：0-2.5秒：中景固定镜头，主人刚推开门站在门口，金毛立刻前爪腾空扑上来搭在主人腰腹，尾巴大幅度左右甩动，紧接着主人蹲下，狗狗迅速凑上去用舌头快速舔主人脸颊，主人眼神温柔但略带一丝'"'"'就这些？'"'"'的若有所思。 5-5秒：近景固定镜头，画面切到主人脸部正面，嘴角微微上扬却眉头轻轻一蹙，眼神从满足感慢慢转向一丝疑惑——像是第一次意识到这些动作背后可能还有别的含义，镜头在主人这个表情上停留，制造悬念。 主情绪氛围：温馨治愈、轻科普、像在重新理解狗狗的爱。本频道按剧情式二维手绘动画处理，动作自然流畅，镜头衔接顺滑，猫狗微表情生动，主人和宠物有清晰但不过度夸张的互动，整体亮度中等偏亮，保持温暖、清晰、干净。每段必须优先呈现逐字稿里的具体行为差异，避免反复使用摸头、抬头、暖光光点。' --duration 5 --ratio 16:9 --model_version seedance2.0fast
[2026-05-10T23:59:43+08:00] submit_id=5965729d-e34a-4b29-87aa-91c35a6d4633 仍在排队/生成中，30s 后继续查询
[2026-05-11T00:00:14+08:00] submit_id=5965729d-e34a-4b29-87aa-91c35a6d4633 仍在排队/生成中，30s 后继续查询
[2026-05-11T00:00:44+08:00] submit_id=5965729d-e34a-4b29-87aa-91c35a6d4633 仍在排队/生成中，30s 后继续查询
[2026-05-11T00:01:15+08:00] submit_id=5965729d-e34a-4b29-87aa-91c35a6d4633 仍在排队/生成中，30s 后继续查询
[2026-05-11T00:01:45+08:00] submit_id=5965729d-e34a-4b29-87aa-91c35a6d4633 仍在排队/生成中，30s 后继续查询
[2026-05-11T00:02:16+08:00] submit_id=5965729d-e34a-4b29-87aa-91c35a6d4633 仍在排队/生成中，30s 后继续查询
[2026-05-11T00:02:46+08:00] submit_id=5965729d-e34a-4b29-87aa-91c35a6d4633 仍在排队/生成中，30s 后继续查询
[2026-05-11T00:03:16+08:00] submit_id=5965729d-e34a-4b29-87aa-91c35a6d4633 仍在排队/生成中，30s 后继续查询
[2026-05-11T00:03:47+08:00] submit_id=5965729d-e34a-4b29-87aa-91c35a6d4633 仍在排队/生成中，30s 后继续查询
[2026-05-11T00:04:18+08:00] submit_id=5965729d-e34a-4b29-87aa-91c35a6d4633 仍在排队/生成中，30s 后继续查询
[2026-05-11T00:04:48+08:00] submit_id=5965729d-e34a-4b29-87aa-91c35a6d4633 仍在排队/生成中，30s 后继续查询
[2026-05-11T00:05:18+08:00] submit_id=5965729d-e34a-4b29-87aa-91c35a6d4633 仍在排队/生成中，30s 后继续查询
[2026-05-11T00:05:49+08:00] submit_id=5965729d-e34a-4b29-87aa-91c35a6d4633 仍在排队/生成中，30s 后继续查询
[2026-05-11T00:06:19+08:00] submit_id=5965729d-e34a-4b29-87aa-91c35a6d4633 仍在排队/生成中，30s 后继续查询
[2026-05-11T00:06:50+08:00] submit_id=5965729d-e34a-4b29-87aa-91c35a6d4633 仍在排队/生成中，30s 后继续查询
[2026-05-11T00:07:20+08:00] submit_id=5965729d-e34a-4b29-87aa-91c35a6d4633 仍在排队/生成中，30s 后继续查询
[2026-05-11T00:07:51+08:00] submit_id=5965729d-e34a-4b29-87aa-91c35a6d4633 仍在排队/生成中，30s 后继续查询
[2026-05-11T00:08:21+08:00] submit_id=5965729d-e34a-4b29-87aa-91c35a6d4633 仍在排队/生成中，30s 后继续查询
[2026-05-11T00:08:52+08:00] submit_id=5965729d-e34a-4b29-87aa-91c35a6d4633 仍在排队/生成中，30s 后继续查询
[2026-05-11T00:09:23+08:00] submit_id=5965729d-e34a-4b29-87aa-91c35a6d4633 仍在排队/生成中，30s 后继续查询
[2026-05-11T00:09:53+08:00] submit_id=5965729d-e34a-4b29-87aa-91c35a6d4633 仍在排队/生成中，30s 后继续查询
[2026-05-11T00:10:24+08:00] submit_id=5965729d-e34a-4b29-87aa-91c35a6d4633 仍在排队/生成中，30s 后继续查询
[2026-05-11T00:10:54+08:00] submit_id=5965729d-e34a-4b29-87aa-91c35a6d4633 仍在排队/生成中，30s 后继续查询
[2026-05-11T00:11:25+08:00] submit_id=5965729d-e34a-4b29-87aa-91c35a6d4633 仍在排队/生成中，30s 后继续查询
[2026-05-11T00:11:55+08:00] submit_id=5965729d-e34a-4b29-87aa-91c35a6d4633 仍在排队/生成中，30s 后继续查询
[2026-05-11T00:12:26+08:00] submit_id=5965729d-e34a-4b29-87aa-91c35a6d4633 仍在排队/生成中，30s 后继续查询
[2026-05-11T00:28:23+08:00] 合并 1 个外部状态更新。
[2026-05-11T00:28:23+08:00] 任务 #1 完成，submit_id=5965729d-e34a-4b29-87aa-91c35a6d4633，已下载到 /Users/sliu/web-project/rich-projects/jimeng-cli/.webui/projects/大多数人觉得狗爱你的证明是它扑过-0510-2349-3e59033c94/outputs/段落1
[2026-05-11T00:28:23+08:00] 开始任务 #2: /Users/sliu/.local/bin/dreamina text2video --prompt '吉卜力式温馨治愈日系二维手绘动画，暖黄柔光，线条柔和，狗狗毛发蓬松，场景生活化，科普示意保持同一治愈动画风格。 无字幕文字水印，无真实摄影，无3D，无人声口型，嘴巴自然闭合。 16:9 横屏。本段主场景：傍晚客厅地板，主人坐在沙发边，狗狗在地毯上。本段狗狗和主人状态：狗狗抬起前爪想扑上去，停住，缓缓放下，只是轻轻靠近主人腿边坐定，主人和狗狗对视，周围出现温柔心跳光圈但不夸张。本段按时间轴分镜：0-2秒：中景固定镜头，狗狗抬起两只前爪、身体前倾，眼神亮着望向主人——下一秒它停住了，前爪缓缓落回地板，尾巴低低地摇了一下，没有扑上去。 2-5秒：近景轻微下移镜头，狗狗慢慢挪动身体，贴着主人的腿边坐下，侧脸轻轻靠在主人膝盖上，眼睛微微闭起，呼吸平稳，没有叫、没有蹭、没有索要，只是待在那里。 5-7秒：特写镜头，画面聚焦狗狗半闭的眼睛和微微上扬的嘴角，尾巴在地板上极轻地扫了一下，安静，克制，满足。 主情绪氛围：温馨治愈、轻科普、像在重新理解狗狗的爱。本频道按剧情式二维手绘动画处理，动作自然流畅，镜头衔接顺滑，猫狗微表情生动，主人和宠物有清晰但不过度夸张的互动，整体亮度中等偏亮，保持温暖、清晰、干净。每段必须优先呈现逐字稿里的具体行为差异，避免反复使用摸头、抬头、暖光光点。' --duration 7 --ratio 16:9 --model_version seedance2.0fast
[2026-05-11T00:28:25+08:00] submit_id=a53ae5ba-ae95-4c2e-afd6-0b725db15f9c 仍在排队/生成中，30s 后继续查询
[2026-05-11T00:28:55+08:00] submit_id=a53ae5ba-ae95-4c2e-afd6-0b725db15f9c 仍在排队/生成中，30s 后继续查询
[2026-05-11T00:29:25+08:00] submit_id=a53ae5ba-ae95-4c2e-afd6-0b725db15f9c 仍在排队/生成中，30s 后继续查询
[2026-05-11T00:29:56+08:00] submit_id=a53ae5ba-ae95-4c2e-afd6-0b725db15f9c 仍在排队/生成中，30s 后继续查询
[2026-05-11T00:45:51+08:00] submit_id=a53ae5ba-ae95-4c2e-afd6-0b725db15f9c 仍在排队/生成中，30s 后继续查询
[2026-05-11T00:46:22+08:00] submit_id=a53ae5ba-ae95-4c2e-afd6-0b725db15f9c 仍在排队/生成中，30s 后继续查询
[2026-05-11T00:46:53+08:00] submit_id=a53ae5ba-ae95-4c2e-afd6-0b725db15f9c 仍在排队/生成中，30s 后继续查询
[2026-05-11T00:47:23+08:00] submit_id=a53ae5ba-ae95-4c2e-afd6-0b725db15f9c 仍在排队/生成中，30s 后继续查询
[2026-05-11T00:47:54+08:00] submit_id=a53ae5ba-ae95-4c2e-afd6-0b725db15f9c 仍在排队/生成中，30s 后继续查询
[2026-05-11T01:03:51+08:00] 合并 1 个外部状态更新。
[2026-05-11T01:03:51+08:00] 任务 #2 完成，submit_id=a53ae5ba-ae95-4c2e-afd6-0b725db15f9c，已下载到 /Users/sliu/web-project/rich-projects/jimeng-cli/.webui/projects/大多数人觉得狗爱你的证明是它扑过-0510-2349-3e59033c94/outputs/段落2
[2026-05-11T01:03:51+08:00] 开始任务 #3: /Users/sliu/.local/bin/dreamina text2video --prompt '吉卜力式温馨治愈日系二维手绘动画，暖黄柔光，线条柔和，狗狗毛发蓬松，场景生活化，科普示意保持同一治愈动画风格。 无字幕文字水印，无真实摄影，无3D，无人声口型，嘴巴自然闭合。 16:9 横屏。本段主场景：卧室床铺，白天自然光，被子凌乱，床头柜上有药盒和水杯。本段狗狗和主人状态：狗狗没有跳上床蹦跶，而是轻轻爬上床边缘，静静趴在主人腿侧，呼吸放慢，身体贴紧但不打扰，温馨。本段按时间轴分镜：0-2秒：中景固定镜头，画面左侧是床边地板，狗狗站在床边，前爪搭上床沿，身体微微停顿——没有跳上去，只是把头缓缓搁在主人腿上，尾巴低垂不摇，眼睛半眯望向主人脸。 2-4秒：近景固定镜头，主人侧躺蜷缩在被子里，面色苍白，眼睛闭着，床头柜上散落着药盒；狗狗的身体轮廓从画面下方缓缓入镜，悄无声息地把下巴压在主人膝盖上，耳朵贴平，胸腔起伏极慢。 4-6秒：微距特写镜头，推近狗狗的鼻口部，可见呼吸频率明显放缓，鼻翼轻微起伏，嘴角微微松弛，眼皮沉沉半合，整个表情从警觉切换为沉静陪伴。 6-8秒：俯拍镜头，从主人视角向下看，被子褶皱中，狗狗的身体像一块暖石贴在腿侧，四肢收拢，没有任何多余动作；主人的手无意识地从被子边缘滑出，指尖轻轻碰到狗狗的耳朵，没有刻意去摸，只是自然搭着。 8-10秒：中景轻微拉远，卧室光线柔和，主人和狗狗的轮廓同时出现在画面里，一动不动，呼吸节奏趋于一致；狗狗的尾巴极缓地扫了一下床面，随即又静止，画面定格。 主情绪氛围：温馨治愈、轻科普、像在重新理解狗狗的爱。本频道按剧情式二维手绘动画处理，动作自然流畅，镜头衔接顺滑，猫狗微表情生动，主人和宠物有清晰但不过度夸张的互动，整体亮度中等偏亮，保持温暖、清晰、干净。每段必须优先呈现逐字稿里的具体行为差异，避免反复使用摸头、抬头、暖光光点。' --duration 10 --ratio 16:9 --model_version seedance2.0fast
[2026-05-11T01:03:53+08:00] submit_id=0f0116a5-5c16-4b55-ab6b-bd811fca842a 仍在排队/生成中，30s 后继续查询
[2026-05-11T01:04:23+08:00] submit_id=0f0116a5-5c16-4b55-ab6b-bd811fca842a 仍在排队/生成中，30s 后继续查询
[2026-05-11T01:20:19+08:00] submit_id=0f0116a5-5c16-4b55-ab6b-bd811fca842a 仍在排队/生成中，30s 后继续查询
[2026-05-11T01:20:49+08:00] submit_id=0f0116a5-5c16-4b55-ab6b-bd811fca842a 仍在排队/生成中，30s 后继续查询
[2026-05-11T01:21:20+08:00] submit_id=0f0116a5-5c16-4b55-ab6b-bd811fca842a 仍在排队/生成中，30s 后继续查询
[2026-05-11T01:21:50+08:00] submit_id=0f0116a5-5c16-4b55-ab6b-bd811fca842a 仍在排队/生成中，30s 后继续查询
[2026-05-11T01:37:48+08:00] 合并 1 个外部状态更新。
[2026-05-11T01:37:48+08:00] 任务 #3 完成，submit_id=0f0116a5-5c16-4b55-ab6b-bd811fca842a，已下载到 /Users/sliu/web-project/rich-projects/jimeng-cli/.webui/projects/大多数人觉得狗爱你的证明是它扑过-0510-2349-3e59033c94/outputs/段落3
[2026-05-11T01:37:48+08:00] 开始任务 #4: /Users/sliu/.local/bin/dreamina text2video --prompt '吉卜力式温馨治愈日系二维手绘动画，暖黄柔光，线条柔和，狗狗毛发蓬松，场景生活化，科普示意保持同一治愈动画风格。 无字幕文字水印，无真实摄影，无3D，无人声口型，嘴巴自然闭合。 16:9 横屏。本段主场景：昏暗走廊与卧室门口。本段狗狗和主人状态：静坐门外两小时不叫不抓，门开后抬头轻摇尾巴，温馨。本段按时间轴分镜：0-2秒：中景固定镜头，走廊昏暗，卧室门紧闭，狗狗已经趴坐在门缝前，画面静止，只有狗狗耳朵微微抖动——门内隐约传来低沉的压抑气息，狗狗没有动，只是把下巴轻轻搭在前爪上，眼睛盯着门缝底部。 2-4秒：特写镜头，缓慢推近狗狗的眼睛，眼神沉静、专注，没有焦虑，没有催促，只是看着门，门缝透出一线微弱的室内灯光打在它脸上。 4-6秒：俯拍镜头，从正上方俯视整条走廊，狗狗小小的身影坐在门前，四周空旷安静，时间感在这个镜头里被拉长——画面里没有任何动作，只有狗狗偶尔轻轻呼出一口气，胸口起伏。 6-9秒：近景固定镜头，门把手缓缓转动，门从内侧推开，狗狗感知到动静，身体微微前倾但没有站起来，只是抬起头，视线从门缝移向出现的主人脸。 9-11秒：主观视角镜头，从主人向下看的角度，狗狗仰头对视，尾巴在地板上轻轻扫了一下，不是兴奋的大幅摇摆，只是那一下，然后停住，继续看着主人。 11-13秒：近景固定镜头，主人蹲下身，狗狗没有扑上去，只是把头靠近主人的手，两者之间的距离慢慢缩短，画面安静。 13-15秒：中景轻微下移镜头，主人和狗狗并排坐在门口地板上，狗狗侧身贴着主人，尾巴静止，画面定格。 主情绪氛围：温馨治愈、轻科普、像在重新理解狗狗的爱。本频道按剧情式二维手绘动画处理，动作自然流畅，镜头衔接顺滑，猫狗微表情生动，主人和宠物有清晰但不过度夸张的互动，整体亮度中等偏亮，保持温暖、清晰、干净。每段必须优先呈现逐字稿里的具体行为差异，避免反复使用摸头、抬头、暖光光点。' --duration 15 --ratio 16:9 --model_version seedance2.0fast
[2026-05-11T01:37:49+08:00] submit_id=bb1c7c39-2388-4c5c-9d56-504daaae4f40 仍在排队/生成中，30s 后继续查询
[2026-05-11T01:38:20+08:00] submit_id=bb1c7c39-2388-4c5c-9d56-504daaae4f40 仍在排队/生成中，30s 后继续查询
[2026-05-11T01:38:50+08:00] submit_id=bb1c7c39-2388-4c5c-9d56-504daaae4f40 仍在排队/生成中，30s 后继续查询
[2026-05-11T01:39:21+08:00] submit_id=bb1c7c39-2388-4c5c-9d56-504daaae4f40 仍在排队/生成中，30s 后继续查询
[2026-05-11T01:39:52+08:00] submit_id=bb1c7c39-2388-4c5c-9d56-504daaae4f40 仍在排队/生成中，30s 后继续查询
[2026-05-11T01:40:22+08:00] submit_id=bb1c7c39-2388-4c5c-9d56-504daaae4f40 仍在排队/生成中，30s 后继续查询
[2026-05-11T01:40:53+08:00] submit_id=bb1c7c39-2388-4c5c-9d56-504daaae4f40 仍在排队/生成中，30s 后继续查询
[2026-05-11T01:41:23+08:00] submit_id=bb1c7c39-2388-4c5c-9d56-504daaae4f40 仍在排队/生成中，30s 后继续查询
[2026-05-11T01:41:54+08:00] submit_id=bb1c7c39-2388-4c5c-9d56-504daaae4f40 仍在排队/生成中，30s 后继续查询
[2026-05-11T01:42:24+08:00] submit_id=bb1c7c39-2388-4c5c-9d56-504daaae4f40 仍在排队/生成中，30s 后继续查询
[2026-05-11T01:58:21+08:00] 合并 1 个外部状态更新。
[2026-05-11T01:58:21+08:00] 任务 #4 完成，submit_id=bb1c7c39-2388-4c5c-9d56-504daaae4f40，已下载到 /Users/sliu/web-project/rich-projects/jimeng-cli/.webui/projects/大多数人觉得狗爱你的证明是它扑过-0510-2349-3e59033c94/outputs/段落4
[2026-05-11T01:58:21+08:00] 开始任务 #5: /Users/sliu/.local/bin/dreamina text2video --prompt '吉卜力式温馨治愈日系二维手绘动画，暖黄柔光，线条柔和，狗狗毛发蓬松，场景生活化，科普示意保持同一治愈动画风格。 无字幕文字水印，无真实摄影，无3D，无人声口型，嘴巴自然闭合。 16:9 横屏。本段主场景：卧室床边地板，柔和自然光。本段狗狗和主人状态：放弃玩具和食物，选择静静趴在主人旁边守候，温馨。本段按时间轴分镜：0-2秒：中景固定镜头，画面左侧是散落在地板上的玩具（咬绳、球），右侧是狗狗背对玩具、头朝向床的方向，它抬起头看了一眼玩具，又转回头，缓缓趴下，下巴贴地，眼神望向床沿——主人的手臂从床边垂下，静止不动。 2-4秒：近景固定镜头，狗狗的脸部正面，眼睛半睁，耳朵微微下垂，呼吸平稳，嘴角放松，它没有动，只是静静地看着主人的方向，画面里床头柜上的水杯、窗帘缝隙透进的光都没有变化，只有狗狗的眼皮偶尔轻眨。 4-6秒：俯拍镜头，从床正上方向下看，主人蜷缩在被子里熟睡，狗狗趴在床边地板上，两者之间距离不到一掌宽，狗狗的身体轮廓和主人的身体轮廓几乎平行，构成一种无声的陪伴对称感，玩具在画面远角，无人问津。 6-8秒：特写镜头，缓慢推近狗狗的前爪和主人垂下的手，两者相距几厘米，狗狗的爪子微微向前挪了一点点，轻轻碰到主人手指边缘，然后停住，不再动，画面定格在这个细小的接触上。 主情绪氛围：温馨治愈、轻科普、像在重新理解狗狗的爱。本频道按剧情式二维手绘动画处理，动作自然流畅，镜头衔接顺滑，猫狗微表情生动，主人和宠物有清晰但不过度夸张的互动，整体亮度中等偏亮，保持温暖、清晰、干净。每段必须优先呈现逐字稿里的具体行为差异，避免反复使用摸头、抬头、暖光光点。' --duration 8 --ratio 16:9 --model_version seedance2.0fast
[2026-05-11T01:58:22+08:00] submit_id=d58420b4-897c-4702-89ef-9f088bf0c452 仍在排队/生成中，30s 后继续查询
[2026-05-11T01:58:53+08:00] submit_id=d58420b4-897c-4702-89ef-9f088bf0c452 仍在排队/生成中，30s 后继续查询
[2026-05-11T01:59:24+08:00] submit_id=d58420b4-897c-4702-89ef-9f088bf0c452 仍在排队/生成中，30s 后继续查询
[2026-05-11T01:59:54+08:00] submit_id=d58420b4-897c-4702-89ef-9f088bf0c452 仍在排队/生成中，30s 后继续查询
[2026-05-11T02:00:25+08:00] submit_id=d58420b4-897c-4702-89ef-9f088bf0c452 仍在排队/生成中，30s 后继续查询
[2026-05-11T02:00:55+08:00] submit_id=d58420b4-897c-4702-89ef-9f088bf0c452 仍在排队/生成中，30s 后继续查询
[2026-05-11T02:01:26+08:00] submit_id=d58420b4-897c-4702-89ef-9f088bf0c452 仍在排队/生成中，30s 后继续查询
[2026-05-11T02:01:56+08:00] submit_id=d58420b4-897c-4702-89ef-9f088bf0c452 仍在排队/生成中，30s 后继续查询
[2026-05-11T02:02:27+08:00] submit_id=d58420b4-897c-4702-89ef-9f088bf0c452 仍在排队/生成中，30s 后继续查询
[2026-05-11T02:02:57+08:00] submit_id=d58420b4-897c-4702-89ef-9f088bf0c452 仍在排队/生成中，30s 后继续查询
[2026-05-11T02:03:28+08:00] submit_id=d58420b4-897c-4702-89ef-9f088bf0c452 仍在排队/生成中，30s 后继续查询
[2026-05-11T02:03:59+08:00] submit_id=d58420b4-897c-4702-89ef-9f088bf0c452 仍在排队/生成中，30s 后继续查询
[2026-05-11T02:04:29+08:00] submit_id=d58420b4-897c-4702-89ef-9f088bf0c452 仍在排队/生成中，30s 后继续查询
[2026-05-11T02:05:00+08:00] submit_id=d58420b4-897c-4702-89ef-9f088bf0c452 仍在排队/生成中，30s 后继续查询
[2026-05-11T02:05:30+08:00] submit_id=d58420b4-897c-4702-89ef-9f088bf0c452 仍在排队/生成中，30s 后继续查询
[2026-05-11T02:06:26+08:00] submit_id=d58420b4-897c-4702-89ef-9f088bf0c452 仍在排队/生成中，30s 后继续查询
[2026-05-11T02:06:56+08:00] submit_id=d58420b4-897c-4702-89ef-9f088bf0c452 仍在排队/生成中，30s 后继续查询
[2026-05-11T02:22:53+08:00] 合并 1 个外部状态更新。
[2026-05-11T02:22:53+08:00] 任务 #5 完成，submit_id=d58420b4-897c-4702-89ef-9f088bf0c452，已下载到 /Users/sliu/web-project/rich-projects/jimeng-cli/.webui/projects/大多数人觉得狗爱你的证明是它扑过-0510-2349-3e59033c94/outputs/段落5
[2026-05-11T02:22:53+08:00] 开始任务 #6: /Users/sliu/.local/bin/dreamina text2video --prompt '吉卜力式温馨治愈日系二维手绘动画，暖黄柔光，线条柔和，狗狗毛发蓬松，场景生活化，科普示意保持同一治愈动画风格。 无字幕文字水印，无真实摄影，无3D，无人声口型，嘴巴自然闭合。 16:9 横屏。本段主场景：家中客厅地板，主人坐在沙发或桌边。本段狗狗和主人状态：狗狗压制本能冲动——憋住叫声、克制乱动、强行安静地趴着不打扰主人，温馨。本段按时间轴分镜：0-2秒：近景固定镜头，狗狗趴在地板上，耳朵竖起、眼神锁定窗外飞过的鸟，后腿肌肉微微绷紧、尾巴尖轻轻颤动，明显想冲出去——但身体一动不动，整个姿态像被什么东西按住了一样，嘴巴紧闭，没有叫出声。 2-5秒：中景轻微横移，镜头缓缓横移露出主人——主人坐在沙发上低头看书或盯着屏幕，完全没注意到狗狗；画面左侧狗狗仍保持压制姿态，右侧主人安静专注，两者形成无声对比；狗狗眼神从窗外收回，瞥了一眼主人，又把头低下去，把那股冲动咽了回去。 5-7秒：特写镜头，推近狗狗的脸部，鼻头微微抽动嗅着空气，眼白微微露出，耳朵一前一后轻轻转动——所有感官都在运转，但嘴巴闭着，身体压着，克制写在每一个细节里。 7-9秒：俯拍镜头，从上方俯视狗狗整个身体，它把下巴贴在前爪上，长长呼出一口气，尾巴停止颤动，彻底安静下来；主人的脚或腿出现在画面边缘，狗狗的视线悄悄落在那里，没有靠近，就这样静静地陪着。 主情绪氛围：温馨治愈、轻科普、像在重新理解狗狗的爱。本频道按剧情式二维手绘动画处理，动作自然流畅，镜头衔接顺滑，猫狗微表情生动，主人和宠物有清晰但不过度夸张的互动，整体亮度中等偏亮，保持温暖、清晰、干净。每段必须优先呈现逐字稿里的具体行为差异，避免反复使用摸头、抬头、暖光光点。' --duration 9 --ratio 16:9 --model_version seedance2.0fast
[2026-05-11T02:22:55+08:00] submit_id=e8e9a4ff-0097-44e0-8ef5-1575671fea5c 仍在排队/生成中，30s 后继续查询
[2026-05-11T02:38:52+08:00] 合并 1 个外部状态更新。
[2026-05-11T02:38:52+08:00] 任务 #6 完成，submit_id=e8e9a4ff-0097-44e0-8ef5-1575671fea5c，已下载到 /Users/sliu/web-project/rich-projects/jimeng-cli/.webui/projects/大多数人觉得狗爱你的证明是它扑过-0510-2349-3e59033c94/outputs/段落6
[2026-05-11T02:38:52+08:00] 开始任务 #7: /Users/sliu/.local/bin/dreamina text2video --prompt '吉卜力式温馨治愈日系二维手绘动画，暖黄柔光，线条柔和，狗狗毛发蓬松，场景生活化，科普示意保持同一治愈动画风格。 无字幕文字水印，无真实摄影，无3D，无人声口型，嘴巴自然闭合。 16:9 横屏。本段主场景：温暖的室内木地板，傍晚侧光。本段狗狗和主人状态：主人靠近时狗狗主动后退一步，安静坐在原地凝视主人，不扑不缠，主人和狗狗对视，周围出现温柔心跳光圈但不夸张。本段按时间轴分镜：0-2.5秒：中景固定镜头，画面左侧是一个人类剪影，手边摆着一本翻开的书，书页上隐约有密密麻麻的文字符号象征'"'"'几千年的学习'"'"'；画面右侧一只米色柴犬安静坐在地板上，与主人保持一段距离，尾巴轻轻摇摆，眼神温柔地望向主人，既不扑上去也不离开，就那样稳稳地待着。 5-5秒：近景轻微推进镜头，镜头缓缓推向柴犬的脸部特写，它的眼睛里映出主人的轮廓，嘴角微微上扬呈现放松表情，耳朵自然垂落，整个姿态传递出一种'"'"'我在这里，但我不打扰你'"'"'的平静；画面边缘光线柔和，无任何文字或标注。 主情绪氛围：温馨治愈、轻科普、像在重新理解狗狗的爱。本频道按剧情式二维手绘动画处理，动作自然流畅，镜头衔接顺滑，猫狗微表情生动，主人和宠物有清晰但不过度夸张的互动，整体亮度中等偏亮，保持温暖、清晰、干净。每段必须优先呈现逐字稿里的具体行为差异，避免反复使用摸头、抬头、暖光光点。' --duration 5 --ratio 16:9 --model_version seedance2.0fast
[2026-05-11T02:38:54+08:00] submit_id=785a1fb3-4af6-4734-81de-f97f9a9379d1 仍在排队/生成中，30s 后继续查询
[2026-05-11T02:39:24+08:00] submit_id=785a1fb3-4af6-4734-81de-f97f9a9379d1 仍在排队/生成中，30s 后继续查询
[2026-05-11T02:39:55+08:00] submit_id=785a1fb3-4af6-4734-81de-f97f9a9379d1 仍在排队/生成中，30s 后继续查询
[2026-05-11T02:40:25+08:00] submit_id=785a1fb3-4af6-4734-81de-f97f9a9379d1 仍在排队/生成中，30s 后继续查询
[2026-05-11T02:40:56+08:00] submit_id=785a1fb3-4af6-4734-81de-f97f9a9379d1 仍在排队/生成中，30s 后继续查询
[2026-05-11T02:41:26+08:00] submit_id=785a1fb3-4af6-4734-81de-f97f9a9379d1 仍在排队/生成中，30s 后继续查询
[2026-05-11T02:41:57+08:00] submit_id=785a1fb3-4af6-4734-81de-f97f9a9379d1 仍在排队/生成中，30s 后继续查询
[2026-05-11T02:57:50+08:00] 合并 1 个外部状态更新。
[2026-05-11T02:57:50+08:00] 任务 #7 完成，submit_id=785a1fb3-4af6-4734-81de-f97f9a9379d1，已下载到 /Users/sliu/web-project/rich-projects/jimeng-cli/.webui/projects/大多数人觉得狗爱你的证明是它扑过-0510-2349-3e59033c94/outputs/段落7
[2026-05-11T02:57:50+08:00] 开始任务 #8: /Users/sliu/.local/bin/dreamina text2video --prompt '吉卜力式温馨治愈日系二维手绘动画，暖黄柔光，线条柔和，狗狗毛发蓬松，场景生活化，科普示意保持同一治愈动画风格。 无字幕文字水印，无真实摄影，无3D，无人声口型，嘴巴自然闭合。 16:9 横屏。本段主场景：傍晚客厅地板，主人坐在沙发上。本段狗狗和主人状态：从扑跳迎接转变为安静卧守，身体贴近主人脚边不动，温馨。本段按时间轴分镜：0-2秒：中景固定镜头，画面左侧是主人坐在沙发边缘，右侧是一只柴犬——它没有扑跳、没有摇尾奔来，而是安静地走到主人脚边，慢慢卧下，身体轻轻靠上主人的脚踝，头枕在前爪上，眼睛微微抬起看向主人，尾巴缓缓扫了一下地板后停住。 2-5秒：近景固定镜头，镜头下移聚焦在柴犬的脸与主人的脚踝接触处，柴犬眼神平静而专注地望向主人，耳朵微微前倾，没有叫声、没有扑动，只是把下巴压得更低贴近地板，整个身体像一块温热的石头稳稳守在原地，主人的手缓缓垂下，指尖轻触狗狗的后背。 主情绪氛围：温馨治愈、轻科普、像在重新理解狗狗的爱。本频道按剧情式二维手绘动画处理，动作自然流畅，镜头衔接顺滑，猫狗微表情生动，主人和宠物有清晰但不过度夸张的互动，整体亮度中等偏亮，保持温暖、清晰、干净。每段必须优先呈现逐字稿里的具体行为差异，避免反复使用摸头、抬头、暖光光点。' --duration 5 --ratio 16:9 --model_version seedance2.0fast
[2026-05-11T02:57:51+08:00] submit_id=377ce29e-c8d2-4296-926a-8f7070177497 仍在排队/生成中，30s 后继续查询
[2026-05-11T02:58:22+08:00] submit_id=377ce29e-c8d2-4296-926a-8f7070177497 仍在排队/生成中，30s 后继续查询
[2026-05-11T02:58:52+08:00] submit_id=377ce29e-c8d2-4296-926a-8f7070177497 仍在排队/生成中，30s 后继续查询
[2026-05-11T02:59:23+08:00] submit_id=377ce29e-c8d2-4296-926a-8f7070177497 仍在排队/生成中，30s 后继续查询
[2026-05-11T02:59:53+08:00] submit_id=377ce29e-c8d2-4296-926a-8f7070177497 仍在排队/生成中，30s 后继续查询
[2026-05-11T03:08:37+08:00] 合并 1 个外部状态更新。
[2026-05-11T03:08:37+08:00] 任务 #8 完成，submit_id=377ce29e-c8d2-4296-926a-8f7070177497，已下载到 /Users/sliu/web-project/rich-projects/jimeng-cli/.webui/projects/大多数人觉得狗爱你的证明是它扑过-0510-2349-3e59033c94/outputs/段落8
[2026-05-11T03:08:37+08:00] 开始任务 #9: /Users/sliu/.local/bin/dreamina text2video --prompt '吉卜力式温馨治愈日系二维手绘动画，暖黄柔光，线条柔和，狗狗毛发蓬松，场景生活化，科普示意保持同一治愈动画风格。 无字幕文字水印，无真实摄影，无3D，无人声口型，嘴巴自然闭合。 16:9 横屏。本段主场景：傍晚客厅沙发旁地板。本段狗狗和主人状态：狗狗一动不动地贴着主人坐着，主人从误以为狗狗无聊到意识到这是爱的方式，主人和狗狗对视，周围出现温柔心跳光圈但不夸张。本段按时间轴分镜：0-2秒：中景固定镜头，主人坐在沙发上刷手机，狗狗安静地趴在主人脚边，一动不动，主人低头看了一眼狗狗，眉头微微皱起，嘴角下撇，眼神里带着一丝困惑和失落——狗狗是不是不喜欢我了？ 2-4秒：近景轻微横移镜头，镜头缓缓平移到狗狗脸部，狗狗没有抬头，没有摇尾，只是眼睛微微侧转，余光牢牢锁定着主人的脚踝，耳朵轻轻朝主人方向转动，整个身体重心悄悄向主人一侧倾斜贴紧。 4-7秒：俯拍镜头缓慢拉远，画面从上方俯视，主人和狗狗同框，狗狗的身体轮廓完整地贴着主人脚边，主人手机慢慢放下，低头凝视狗狗，嘴角浮现出一个轻柔的弧度，狗狗尾巴这才悄悄扫了一下地板。 主情绪氛围：温馨治愈、轻科普、像在重新理解狗狗的爱。本频道按剧情式二维手绘动画处理，动作自然流畅，镜头衔接顺滑，猫狗微表情生动，主人和宠物有清晰但不过度夸张的互动，整体亮度中等偏亮，保持温暖、清晰、干净。每段必须优先呈现逐字稿里的具体行为差异，避免反复使用摸头、抬头、暖光光点。' --duration 7 --ratio 16:9 --model_version seedance2.0fast
[2026-05-11T03:08:38+08:00] submit_id=6ad9d87f-23a3-4d78-bd84-643cb42bce0a 仍在排队/生成中，30s 后继续查询
[2026-05-11T03:09:09+08:00] submit_id=6ad9d87f-23a3-4d78-bd84-643cb42bce0a 仍在排队/生成中，30s 后继续查询
[2026-05-11T03:09:39+08:00] submit_id=6ad9d87f-23a3-4d78-bd84-643cb42bce0a 仍在排队/生成中，30s 后继续查询
[2026-05-11T03:10:09+08:00] submit_id=6ad9d87f-23a3-4d78-bd84-643cb42bce0a 仍在排队/生成中，30s 后继续查询
[2026-05-11T03:25:49+08:00] 合并 1 个外部状态更新。
[2026-05-11T03:25:49+08:00] 任务 #9 完成，submit_id=6ad9d87f-23a3-4d78-bd84-643cb42bce0a，已下载到 /Users/sliu/web-project/rich-projects/jimeng-cli/.webui/projects/大多数人觉得狗爱你的证明是它扑过-0510-2349-3e59033c94/outputs/段落9
[2026-05-11T03:25:49+08:00] 开始任务 #10: /Users/sliu/.local/bin/dreamina text2video --prompt '日系二次元AI厚涂动态插画，柔雾感厚涂渐变，冷淡厌世黑白女仆系少女，猫咪反差萌圆脸大眼，科普用可爱二次元装饰图示。 无字幕文字水印，无真实摄影，无3D，无人声口型，嘴巴自然闭合。 16:9 横屏。本段主场景：日式小公寓客厅榻榻米区域，散落猫玩具和猫窝。本段猫咪和主人状态：猫咪们表面和平共处实则暗流涌动——互相回避、占位施压、冷眼对峙，少女从自以为和谐到震惊发现真相，温馨。本段按时间轴分镜：0-2秒：近景固定镜头，画面正中三只猫并排坐在榻榻米上，表情各异——橘猫眯眼假寐，黑白猫侧脸冷漠望向别处，灰猫低头盯地板，三只猫之间保持着微妙的等距间隔，谁也不看谁；少女蹲在画面右侧边缘，双手托腮，嘴角微微上扬，眼神带着'"'"'它们感情真好'"'"'的满足感；整体构图像一张表情包，猫咪的冷漠与少女的误读形成强烈反差。 2-4秒：俯拍镜头，缓慢推近，视角从少女肩膀上方俯视三只猫的座位排列；橘猫悄悄将身体向右挪动半步，压缩黑白猫的空间，黑白猫眼皮微抬，眼神冷冷瞥向橘猫，尾巴尖轻轻拍了一下地板；灰猫完全背对另外两只，假装专注舔爪子；少女完全没注意到这些细节，画面角落可见她的手在记笔记本上写'"'"'感情很好✓'"'"'。 4-6秒：中景轻微横移，镜头缓慢横扫客厅全景，展示三只猫在空间中的真实分布——橘猫占据猫窝正中心，黑白猫蜷缩在猫窝边缘只剩一个屁股的位置，灰猫则完全放弃猫窝躺在冰冷地板上；画面上方浮现二次元厚涂装饰图示：三个同心光圈层级，橘猫在最内圈标注'"'"'老大'"'"'，黑白猫在中圈，灰猫在最外圈，光圈用温暖橙色渐变，可爱清晰；少女站在画面一侧，表情从微笑开始僵住。 6-8秒：特写镜头，快速切换三个猫脸特写——橘猫半闭眼带着一丝傲慢，黑白猫眼神幽怨委屈，灰猫一脸认命的空洞表情；每个特写之间用极短的黑帧切割，节奏感强；少女的脸从画面右侧探入，嘴巴微张，眼睛瞪大，表情是标准的'"'"'我全看错了'"'"'震惊脸，头发因为震惊感轻微炸开。 8-10秒：中景固定镜头，少女坐回榻榻米，双手捂脸，三只猫依然维持着原来的冷漠姿态围坐在她周围，谁也没有靠近她；画面右上角浮现一个二次元装饰图示：一个写着'"'"'和平'"'"'的气泡被戳破，里面飘出三朵小小的冷漠表情云团，各自飘向不同方向；整体画面柔雾感厚涂渐变，镜头极轻微向后拉远收束。 主情绪氛围：冷脸萌、无语感、反差萌、轻科普、宠物始终是画面核心主体。本频道按二次元AI厚涂动态插画处理，整体有柔雾感、厚涂渐变和轻微低清短视频质感；动态只作为插画轻度动态化，主要通过半闭眼眨动、轻微表情变化、头部细动、衣发轻摆、宠物姿态变化和镜头轻微推进完成，不固定具体场景和动作，不依赖复杂逐帧动画，避免高清动漫电影截图感和过度温柔治愈感。' --duration 10 --ratio 16:9 --model_version seedance2.0fast
[2026-05-11T03:25:50+08:00] submit_id=3c2dc2c4-b149-4975-8988-2d91ae72f4d0 仍在排队/生成中，30s 后继续查询
[2026-05-11T03:26:21+08:00] submit_id=3c2dc2c4-b149-4975-8988-2d91ae72f4d0 仍在排队/生成中，30s 后继续查询
[2026-05-11T03:26:51+08:00] submit_id=3c2dc2c4-b149-4975-8988-2d91ae72f4d0 仍在排队/生成中，30s 后继续查询
[2026-05-11T03:27:22+08:00] submit_id=3c2dc2c4-b149-4975-8988-2d91ae72f4d0 仍在排队/生成中，30s 后继续查询
[2026-05-11T03:27:52+08:00] submit_id=3c2dc2c4-b149-4975-8988-2d91ae72f4d0 仍在排队/生成中，30s 后继续查询
[2026-05-11T03:43:50+08:00] 合并 1 个外部状态更新。
[2026-05-11T03:43:50+08:00] 任务 #10 完成，submit_id=3c2dc2c4-b149-4975-8988-2d91ae72f4d0，已下载到 /Users/sliu/web-project/rich-projects/jimeng-cli/.webui/projects/我养了三只猫住在一起两年了从来没-0510-2359-baec7e48b2/outputs/段落1
[2026-05-11T03:43:50+08:00] 开始任务 #11: /Users/sliu/.local/bin/dreamina text2video --prompt '日系二次元AI厚涂动态插画，柔雾感厚涂渐变，冷淡厌世黑白女仆系少女，猫咪反差萌圆脸大眼，科普用可爱二次元装饰图示。 无字幕文字水印，无真实摄影，无3D，无人声口型，嘴巴自然闭合。 16:9 横屏。本段主场景：厨房入口与地板区域。本段猫咪和主人状态：老二站起身、转向、重新坐下完成服从性回避，冷淡少女目击全程，温馨。本段按时间轴分镜：0-2秒：中景固定镜头，老二猫咪正懒散趴在厨房地板中央，半闭眼神情漠然；画面右侧老大猫咪迈步走入镜头，脚步沉稳，老二眼皮微抬，瞳孔轻缩——镜头在老二脸部轻微推近，捕捉它那一瞬间'"'"'啊又来了'"'"'的无语表情，厚涂柔雾光感，冷淡气质拉满。 2-4秒：近景跟随镜头，老二缓缓站起身，不看老大，转身90度，在原地重新坐下，尾巴绕身一圈收好，动作行云流水毫无波澜；冷淡少女站在厨房门框旁侧身目击，眉头微蹙、嘴角抿平，眼神从老二移向老大，衣摆轻微晃动，表情是'"'"'我以为它只是嫌位置不好'"'"'的困惑脸。 4-7秒：画面分割为左右两格装饰图示风格——左格：老二趴着，老大走近，老二站起转向坐下，循环小动画，头顶浮现一个向下弯曲的小箭头符号表示'"'"'主动让位'"'"'；右格：同样动作旁边出现一朵柔和光晕圈层图示，内圈老大、外圈老二，两只猫咪厚涂Q版，光圈边缘有细小粒子流动表示'"'"'等级气场'"'"'；整体保持二次元厚涂装饰风，可爱清晰，柔雾色调。 7-9秒：特写镜头推近老二侧脸，它重新坐定后微微低头、眼神平静望向别处，耳朵轻轻后压一下又回正，尾尖小幅摆动一次；冷淡少女从画面边缘伸出一只手，食指轻点老二脑门，老二眼皮半阖、表情依然冷淡但没有躲开——镜头缓慢拉远，两只猫咪同框，老大在远处梳毛，老二原地坐稳，画面静止在这一帧，柔雾厚涂质感收束。 主情绪氛围：冷脸萌、无语感、反差萌、轻科普、宠物始终是画面核心主体。本频道按二次元AI厚涂动态插画处理，整体有柔雾感、厚涂渐变和轻微低清短视频质感；动态只作为插画轻度动态化，主要通过半闭眼眨动、轻微表情变化、头部细动、衣发轻摆、宠物姿态变化和镜头轻微推进完成，不固定具体场景和动作，不依赖复杂逐帧动画，避免高清动漫电影截图感和过度温柔治愈感。' --duration 9 --ratio 16:9 --model_version seedance2.0fast
[2026-05-11T03:43:51+08:00] submit_id=8977340d-47f0-4b9c-b96d-0d32e692ae65 仍在排队/生成中，30s 后继续查询
[2026-05-11T03:44:21+08:00] submit_id=8977340d-47f0-4b9c-b96d-0d32e692ae65 仍在排队/生成中，30s 后继续查询
[2026-05-11T03:44:52+08:00] submit_id=8977340d-47f0-4b9c-b96d-0d32e692ae65 仍在排队/生成中，30s 后继续查询
[2026-05-11T03:45:22+08:00] submit_id=8977340d-47f0-4b9c-b96d-0d32e692ae65 仍在排队/生成中，30s 后继续查询
[2026-05-11T04:01:20+08:00] 合并 1 个外部状态更新。
[2026-05-11T04:01:20+08:00] 任务 #11 完成，submit_id=8977340d-47f0-4b9c-b96d-0d32e692ae65，已下载到 /Users/sliu/web-project/rich-projects/jimeng-cli/.webui/projects/我养了三只猫住在一起两年了从来没-0510-2359-baec7e48b2/outputs/段落2
[2026-05-11T04:01:20+08:00] 开始任务 #12: /Users/sliu/.local/bin/dreamina text2video --prompt '日系二次元AI厚涂动态插画，柔雾感厚涂渐变，冷淡厌世黑白女仆系少女，猫咪反差萌圆脸大眼，科普用可爱二次元装饰图示。 无字幕文字水印，无真实摄影，无3D，无人声口型，嘴巴自然闭合。 16:9 横屏。本段主场景：家居客厅沙发区，低视角近地面视角为主。本段猫咪和主人状态：老三反复确认老大位置后偷跳沙发、被发现后迅速跳下，温馨。本段按时间轴分镜：0-2秒：近景固定镜头，画面正中是沙发边缘，老三蹲在地板上，两只前爪搭在沙发沿，头缓缓左转——眼神飘向画面外侧，半眯眼、瞳孔收缩，表情是标准'"'"'我在确认一件事'"'"'的警觉脸；沙发上空空如也，光线柔和偏冷；老三头部轻微转动，耳朵微微前倾，整体静止中带一丝紧绷感。 2-4秒：主观视角镜头（老三视角），低角度俯拍客厅地面，画面远端老大正背对镜头趴在猫窝里，尾巴偶尔轻摆；老三视角缓慢扫视一圈后定格在老大身上约半秒，随即画面切回老三正脸——眼神从警觉瞬间切换成'"'"'没事了'"'"'的放松半眯眼，嘴角微微松弛，耳朵向后贴了一下又立起来。 4-6秒：中景轻微上推镜头，老三从沙发边缘一跃而上，落地动作轻盈；它在沙发上转了半圈，踩了两下，然后以一种'"'"'这里现在是我的'"'"'的姿态盘腿趴下，眼睛慢慢闭合；画面右侧出现一个装饰图示——一个小小的光圈从老三身体向外扩散，标注'"'"'领地确认中'"'"'的可爱圆形徽章图案（无文字，仅图形），光圈颜色暖橙色。 6-8秒：特写镜头，老三半闭眼趴在沙发上，画面突然——老大的脚步声（用画面表现：地板上出现一串轻微震动波纹动效从画面左侧传来）；老三耳朵瞬间竖起，眼睛猛地睁大，瞳孔放大成圆形，整张脸从'"'"'享受'"'"'切换成'"'"'完了'"'"'的惊恐表情包脸，下巴微微下沉。 8-10秒：近景固定镜头，老大不紧不慢从画面左侧走入，只露出半个身子和一双漫不经心的眼睛；老三已经从沙发上跳下，四爪落地，但还保持着一个'"'"'我本来就要下来的'"'"'的假装淡定坐姿，尾巴绕在身前；两猫对视半秒，老大继续走向沙发，老三侧过头去，眼神飘向别处，耳朵微微压低——标准'"'"'没事我不稀罕'"'"'表情。 10-12秒：俯拍镜头，老大已经占据沙发中央趴好，老三坐在沙发正下方地板上，仰头看了一眼沙发，又低下头；画面中央出现一个装饰科普图示：两个同心圆，内圈是老大的小猫剪影图标，外圈是老三的小猫剪影图标，内圈发出柔和光晕，外圈图标带一个小小的'"'"'？'"'"'气泡——图示风格为二次元厚涂可爱风，颜色冷蓝配暖橙，无任何文字；老三再次缓缓抬头望向沙发，眼神里是一种'"'"'下次再说'"'"'的冷静算计感。 主情绪氛围：冷脸萌、无语感、反差萌、轻科普、宠物始终是画面核心主体。本频道按二次元AI厚涂动态插画处理，整体有柔雾感、厚涂渐变和轻微低清短视频质感；动态只作为插画轻度动态化，主要通过半闭眼眨动、轻微表情变化、头部细动、衣发轻摆、宠物姿态变化和镜头轻微推进完成，不固定具体场景和动作，不依赖复杂逐帧动画，避免高清动漫电影截图感和过度温柔治愈感。' --duration 12 --ratio 16:9 --model_version seedance2.0fast
[2026-05-11T04:01:21+08:00] submit_id=1c561e96-beb2-4bce-8f30-d4eed7789be2 仍在排队/生成中，30s 后继续查询
[2026-05-11T04:01:52+08:00] submit_id=1c561e96-beb2-4bce-8f30-d4eed7789be2 仍在排队/生成中，30s 后继续查询
[2026-05-11T04:02:22+08:00] submit_id=1c561e96-beb2-4bce-8f30-d4eed7789be2 仍在排队/生成中，30s 后继续查询
[2026-05-11T04:02:53+08:00] submit_id=1c561e96-beb2-4bce-8f30-d4eed7789be2 仍在排队/生成中，30s 后继续查询
[2026-05-11T04:03:24+08:00] submit_id=1c561e96-beb2-4bce-8f30-d4eed7789be2 仍在排队/生成中，30s 后继续查询
[2026-05-11T04:09:22+08:00] 合并 1 个外部状态更新。
[2026-05-11T04:09:22+08:00] 任务 #12 完成，submit_id=1c561e96-beb2-4bce-8f30-d4eed7789be2，已下载到 /Users/sliu/web-project/rich-projects/jimeng-cli/.webui/projects/我养了三只猫住在一起两年了从来没-0510-2359-baec7e48b2/outputs/段落3
[2026-05-11T04:09:22+08:00] 开始任务 #13: /Users/sliu/.local/bin/dreamina text2video --prompt '日系二次元AI厚涂动态插画，柔雾感厚涂渐变，冷淡厌世黑白女仆系少女，猫咪反差萌圆脸大眼，科普用可爱二次元装饰图示。 无字幕文字水印，无真实摄影，无3D，无人声口型，嘴巴自然闭合。 16:9 横屏。本段主场景：日式榻榻米走廊或窄道，多猫同框。本段猫咪和主人状态：低阶猫主动侧身让路、绕远路、停步等待高阶猫通过，全程无打架，温馨。本段按时间轴分镜：0-2秒：近景固定镜头，画面正中一只圆眼橘猫大摇大摆走来，另一只花猫在前方通道口突然停步、身体微微侧转、眼神飘向一侧——表情是标准'"'"'算了算了'"'"'的认命脸；冷淡厌世女仆少女站在画面边缘，低头用余光瞥了一眼，嘴角几乎没有弧度；整体柔雾厚涂质感，镜头轻微推进。 2-4秒：中景轻微横移，花猫开始绕远路——明明直线两步能过，它偏偏贴着墙根走了一个大弧线，身体侧对橘猫，头微微低垂；橘猫完全没看它，径直走过；少女侧头目送，半闭眼眨动一次，表情依然冷淡。 4-7秒：俯拍镜头，画面出现二次元厚涂装饰图示：三只猫的头像排成一列纵队，头像之间用柔和光圈标注高低层级，低阶猫头像旁飘出小小的'"'"'回避'"'"''"'"'等待'"'"''"'"'绕路'"'"''"'"'侧身'"'"'四个动作图标（气泡手绘风，无文字，用小箭头和猫咪剪影示意），光圈层级从上到下渐变缩小；少女站在图示旁，单手托腮，眼神看向图示方向，表情是'"'"'就这？就这。'"'"'的微妙厌倦感。 7-9秒：特写镜头，花猫绕路成功抵达目的地，在角落坐定，转头用一种'"'"'我没输，我只是懒得计较'"'"'的眼神望向镜头，眼睛半眯、胡须微动；少女在画面虚焦背景处轻轻点了一下头，衣发轻摆，镜头缓慢拉远收束。 主情绪氛围：冷脸萌、无语感、反差萌、轻科普、宠物始终是画面核心主体。本频道按二次元AI厚涂动态插画处理，整体有柔雾感、厚涂渐变和轻微低清短视频质感；动态只作为插画轻度动态化，主要通过半闭眼眨动、轻微表情变化、头部细动、衣发轻摆、宠物姿态变化和镜头轻微推进完成，不固定具体场景和动作，不依赖复杂逐帧动画，避免高清动漫电影截图感和过度温柔治愈感。' --duration 9 --ratio 16:9 --model_version seedance2.0fast
[2026-05-11T04:09:23+08:00] submit_id=8f9fed74-61c6-4130-b33b-7f907c21c291 仍在排队/生成中，30s 后继续查询
[2026-05-11T04:09:54+08:00] submit_id=8f9fed74-61c6-4130-b33b-7f907c21c291 仍在排队/生成中，30s 后继续查询
[2026-05-11T04:10:24+08:00] submit_id=8f9fed74-61c6-4130-b33b-7f907c21c291 仍在排队/生成中，30s 后继续查询
[2026-05-11T04:10:55+08:00] submit_id=8f9fed74-61c6-4130-b33b-7f907c21c291 仍在排队/生成中，30s 后继续查询
[2026-05-11T04:26:54+08:00] 合并 1 个外部状态更新。
[2026-05-11T04:26:54+08:00] 任务 #13 完成，submit_id=8f9fed74-61c6-4130-b33b-7f907c21c291，已下载到 /Users/sliu/web-project/rich-projects/jimeng-cli/.webui/projects/我养了三只猫住在一起两年了从来没-0510-2359-baec7e48b2/outputs/段落4
[2026-05-11T04:26:54+08:00] 开始任务 #14: /Users/sliu/.local/bin/dreamina text2video --prompt '日系二次元AI厚涂动态插画，柔雾感厚涂渐变，冷淡厌世黑白女仆系少女，猫咪反差萌圆脸大眼，科普用可爱二次元装饰图示。 无字幕文字水印，无真实摄影，无3D，无人声口型，嘴巴自然闭合。 16:9 横屏。本段主场景：家庭客厅沙发上，两只猫被迫并排坐。本段猫咪和主人状态：主人自以为可爱地把老三塞到老大身边，老大当场黑脸，主人和猫咪对视，周围出现温柔心跳光圈但不夸张。本段按时间轴分镜：0-2秒：近景固定镜头，老大猫端坐沙发扶手，表情冷漠高冷，眼神俯视前方，画面右侧一双人类手臂突然入镜，将毛茸茸的老三直接塞到老大身边——老大瞬间侧目，瞳孔微缩，耳朵压平，嘴角微抽，一副'"'"'你在干什么'"'"'的无语死鱼眼表情，强烈表情包感钩子。 2-4秒：中景轻微横移，镜头缓慢横移展示沙发全景：老大僵坐原地一动不动，尾巴用力拍打沙发垫，老三懵懵懂懂歪头看老大，老大眼神直视镜头外，完全无视老三存在，两猫之间气氛凝固，画面上方飘出几个冷色调的'"'"'❄️'"'"'装饰粒子。 4-6秒：俯拍镜头，从上方俯视两猫并排，老大身体微微侧转背对老三，老三伸爪试图碰老大，老大尾巴猛地一甩挡开，同时画面角落浮现一个二次元厚涂装饰图示：两个圆圈，大圆圈标注'"'"'老大领地'"'"'，小圆圈标注'"'"'老三'"'"'，两圆圈之间有一道波纹警戒线，可爱图示风格。 6-8秒：特写镜头，冷淡厌世女仆少女侧脸入镜，嘴角微微上扬，眼神带着'"'"'好可爱啊'"'"'的无知雀跃，完全没察觉异样；镜头同时切到老大的特写脸，半闭眼皮缓缓抬起，用一种'"'"'你这个人类'"'"'的绝望眼神直视镜头，反差拉满。 8-10秒：近景固定镜头，老大缓缓起身，用不紧不慢的步伐从沙发上跳下离开，尾巴高高竖起带着一丝傲娇，老三独自留在原位歪头目送，少女愣在原地，画面角落飘出一个二次元装饰图示：一个皇冠图标加一道裂缝，象征'"'"'秩序被破坏'"'"'，冷色调粒子轻散。 主情绪氛围：冷脸萌、无语感、反差萌、轻科普、宠物始终是画面核心主体。本频道按二次元AI厚涂动态插画处理，整体有柔雾感、厚涂渐变和轻微低清短视频质感；动态只作为插画轻度动态化，主要通过半闭眼眨动、轻微表情变化、头部细动、衣发轻摆、宠物姿态变化和镜头轻微推进完成，不固定具体场景和动作，不依赖复杂逐帧动画，避免高清动漫电影截图感和过度温柔治愈感。' --duration 10 --ratio 16:9 --model_version seedance2.0fast
[2026-05-11T04:26:55+08:00] submit_id=08c42d32-02a8-46bb-90d8-5fadf4992116 仍在排队/生成中，30s 后继续查询
[2026-05-11T04:27:26+08:00] submit_id=08c42d32-02a8-46bb-90d8-5fadf4992116 仍在排队/生成中，30s 后继续查询
[2026-05-11T04:27:56+08:00] submit_id=08c42d32-02a8-46bb-90d8-5fadf4992116 仍在排队/生成中，30s 后继续查询
[2026-05-11T04:28:27+08:00] submit_id=08c42d32-02a8-46bb-90d8-5fadf4992116 仍在排队/生成中，30s 后继续查询
[2026-05-11T04:28:57+08:00] submit_id=08c42d32-02a8-46bb-90d8-5fadf4992116 仍在排队/生成中，30s 后继续查询
[2026-05-11T04:44:54+08:00] 合并 1 个外部状态更新。
[2026-05-11T04:44:54+08:00] 任务 #14 完成，submit_id=08c42d32-02a8-46bb-90d8-5fadf4992116，已下载到 /Users/sliu/web-project/rich-projects/jimeng-cli/.webui/projects/我养了三只猫住在一起两年了从来没-0510-2359-baec7e48b2/outputs/段落5
[2026-05-11T04:44:54+08:00] 开始任务 #15: /Users/sliu/.local/bin/dreamina text2video --prompt '日系二次元AI厚涂动态插画，柔雾感厚涂渐变，冷淡厌世黑白女仆系少女，猫咪反差萌圆脸大眼，科普用可爱二次元装饰图示。 无字幕文字水印，无真实摄影，无3D，无人声口型，嘴巴自然闭合。 16:9 横屏。本段主场景：榻榻米矮桌旁，两只猫分坐少女左右两侧。本段猫咪和主人状态：少女伸手同时摸两只猫，老三瞬间缩头受压、老大侧脸冷眼冒犯感，灰色压力云团从主人肩膀散开，空气变得柔软明亮。本段按时间轴分镜：0-2.5秒：中景固定镜头，冷淡少女坐于画面中央，左侧老三（小只猫）、右侧老大（大只猫）各踞一侧；少女同时将双手搭上两只猫的头顶——老三当场耳朵压平、眼神涣散、身体微微下沉，头顶浮现一团淡蓝色压力云团；老大则猛地侧过脸，眯起一只眼，眼神锐利斜睨少女，头顶浮现一个细小的红色感叹号；少女表情毫无察觉，维持空白冷脸。 5-5秒：镜头缓慢推近至三者上半身特写，老三已悄悄从少女手掌下溜走半个身位，耳朵仍压着；老大纹丝不动但持续用余光冷眼盯着少女的手，尾巴尖轻轻拍打地面；少女低头看了看左手、再看看右手，眉头微微蹙起，嘴角无声地抿了一下——两只猫的头顶分别悬浮一个装饰图示：老三头顶是一个向下压的小箭头配淡蓝压力圈，老大头顶是一个向外推的小手掌图标配橙红边框，对比并列呈现。 主情绪氛围：冷脸萌、无语感、反差萌、轻科普、宠物始终是画面核心主体。本频道按二次元AI厚涂动态插画处理，整体有柔雾感、厚涂渐变和轻微低清短视频质感；动态只作为插画轻度动态化，主要通过半闭眼眨动、轻微表情变化、头部细动、衣发轻摆、宠物姿态变化和镜头轻微推进完成，不固定具体场景和动作，不依赖复杂逐帧动画，避免高清动漫电影截图感和过度温柔治愈感。' --duration 5 --ratio 16:9 --model_version seedance2.0fast
[2026-05-11T04:44:55+08:00] submit_id=54f26c13-50e3-4254-8431-6d5e60bd0b87 仍在排队/生成中，30s 后继续查询
[2026-05-11T04:45:26+08:00] submit_id=54f26c13-50e3-4254-8431-6d5e60bd0b87 仍在排队/生成中，30s 后继续查询
[2026-05-11T04:45:56+08:00] submit_id=54f26c13-50e3-4254-8431-6d5e60bd0b87 仍在排队/生成中，30s 后继续查询
[2026-05-11T04:46:27+08:00] submit_id=54f26c13-50e3-4254-8431-6d5e60bd0b87 仍在排队/生成中，30s 后继续查询
[2026-05-11T04:46:57+08:00] submit_id=54f26c13-50e3-4254-8431-6d5e60bd0b87 仍在排队/生成中，30s 后继续查询
[2026-05-11T05:02:32+08:00] 合并 1 个外部状态更新。
[2026-05-11T05:02:32+08:00] 任务 #15 完成，submit_id=54f26c13-50e3-4254-8431-6d5e60bd0b87，已下载到 /Users/sliu/web-project/rich-projects/jimeng-cli/.webui/projects/我养了三只猫住在一起两年了从来没-0510-2359-baec7e48b2/outputs/段落6
[2026-05-11T05:02:32+08:00] 开始任务 #16: /Users/sliu/.local/bin/dreamina text2video --prompt '日系二次元AI厚涂动态插画，柔雾感厚涂渐变，冷淡厌世黑白女仆系少女，猫咪反差萌圆脸大眼，科普用可爱二次元装饰图示。 无字幕文字水印，无真实摄影，无3D，无人声口型，嘴巴自然闭合。 16:9 横屏。本段主场景：厨房或餐厅地板，三个陶瓷猫碗并排紧靠。本段猫咪和主人状态：主人把三碗并排放近、低位猫夹在中间瑟缩僵硬、高位猫侧目施压，主人胸口或脑海里的灰色小云团被猫咪身上的暖光慢慢融化。本段按时间轴分镜：0-2秒：俯拍镜头，三个猫碗紧紧并排放在地板上，一只猫正低头吃饭，另外两只猫从画面两侧同时凑近，中间那只猫头慢慢抬起，眼神从专注变成僵硬空洞的死鱼眼，耳朵微微压平，嘴里还叼着一口猫粮没咽下去——表情包感强烈的定格瞬间。 2-4秒：近景固定镜头，冷淡女仆少女蹲在旁边，嘴角微微上扬，眼神带着'"'"'这样很温馨吧'"'"'的自我满足感，轻轻把第三个碗又往中间推近了一点点，镜头微微推进她的侧脸。 4-6秒：特写镜头切到中间那只猫的脸，极近距离，两侧各有一只猫的耳朵和身体压迫性地出现在画面边缘，中间猫的瞳孔轻微收缩，耳朵彻底贴平，身体微微下沉缩紧，尾巴夹起——用半透明的淡紫色焦虑云团从它头顶缓缓升起作为情绪装饰图示。 6-8秒：中景轻微横移，画面出现二次元厚涂装饰图示：三个碗的俯视示意图，碗与碗之间用红色波纹标注'"'"'距离过近'"'"'，中间碗旁边画一个小猫剪影配焦虑震动线，两侧碗旁各画一个猫剪影配向中间投射的压迫箭头，整体可爱扁平风格，镜头轻微向右横移扫过图示。 8-10秒：近景固定镜头，同一场景，三个碗被重新摆放成分散的三角形间距，中间那只猫低头重新开始吃饭，耳朵慢慢竖起，焦虑云团消散，女仆少女站在背景虚焦处，表情从自我满足变成微微一顿的冷淡若有所思，头轻微偏了一下。 主情绪氛围：冷脸萌、无语感、反差萌、轻科普、宠物始终是画面核心主体。本频道按二次元AI厚涂动态插画处理，整体有柔雾感、厚涂渐变和轻微低清短视频质感；动态只作为插画轻度动态化，主要通过半闭眼眨动、轻微表情变化、头部细动、衣发轻摆、宠物姿态变化和镜头轻微推进完成，不固定具体场景和动作，不依赖复杂逐帧动画，避免高清动漫电影截图感和过度温柔治愈感。' --duration 10 --ratio 16:9 --model_version seedance2.0fast
[2026-05-11T05:02:33+08:00] submit_id=34500f12-72d9-4334-9ce9-c7a0922e9acf 仍在排队/生成中，30s 后继续查询
[2026-05-11T05:03:03+08:00] submit_id=34500f12-72d9-4334-9ce9-c7a0922e9acf 仍在排队/生成中，30s 后继续查询
[2026-05-11T05:03:34+08:00] submit_id=34500f12-72d9-4334-9ce9-c7a0922e9acf 仍在排队/生成中，30s 后继续查询
[2026-05-11T05:04:04+08:00] submit_id=34500f12-72d9-4334-9ce9-c7a0922e9acf 仍在排队/生成中，30s 后继续查询
[2026-05-11T05:10:30+08:00] 合并 1 个外部状态更新。
[2026-05-11T05:10:30+08:00] 任务 #16 完成，submit_id=34500f12-72d9-4334-9ce9-c7a0922e9acf，已下载到 /Users/sliu/web-project/rich-projects/jimeng-cli/.webui/projects/我养了三只猫住在一起两年了从来没-0510-2359-baec7e48b2/outputs/段落7
[2026-05-11T05:10:30+08:00] 开始任务 #17: /Users/sliu/.local/bin/dreamina text2video --prompt '日系二次元AI厚涂动态插画，柔雾感厚涂渐变，冷淡厌世黑白女仆系少女，猫咪反差萌圆脸大眼，科普用可爱二次元装饰图示。 无字幕文字水印，无真实摄影，无3D，无人声口型，嘴巴自然闭合。 16:9 横屏。本段主场景：日式榻榻米房间地板，低矮木质地板，柔雾暖光。本段猫咪和主人状态：碗分开放→各自独立休息→老三主动靠近老大，温馨。本段按时间轴分镜：0-2秒：近景固定镜头，画面正中两只猫碗紧挨着放在一起，老三猫蹲在碗前，眼神死死盯着老大的碗，耳朵压平，尾巴炸毛，老大猫侧身僵立、眼神警惕斜瞥老三，两猫之间空气凝固感极强；冷淡女仆少女蹲在旁边，单手托腮，眼神空洞俯视这一幕，嘴角微微下撇，半闭眼皮轻眨一下，表情是'"'"'我懂了'"'"'的无语感。 2-4秒：俯拍镜头，轻微缓推，地板上两只猫碗被分开放置，左侧老大的碗旁铺着一小块深色垫子，右侧老三的碗旁铺着另一块浅色垫子，两个区域之间有明显空隙；画面中出现二次元厚涂装饰图示：两个碗各自被一个柔和光圈包围，光圈颜色不同（一暖橙一冷蓝），圈内有细小星点粒子轻轻浮动，象征'"'"'独立领地'"'"'；少女的手从画面边缘伸入，将两个碗轻轻推开，手指动作干脆利落。 4-6秒：中景轻微横移，老大猫独自趴在自己的垫子上，耳朵放松竖起，眼睛半眯，尾巴缓慢扫动，呈现出松弛感；老三猫在画面另一侧独自蜷缩在自己的垫子上，背对老大，身体微微起伏；两猫之间的空地空旷，无接触；少女站在两者中间靠后位置，双手交叠放在围裙前，低头看着两只猫，表情平静无波，眼皮微垂。 6-8秒：特写镜头，老三猫的脸部特写，眼睛从半闭慢慢睁开，瞳孔由紧缩变得圆润放大，耳朵从压低状态缓缓竖起，胡须微微舒展；画面角落浮现一个小型装饰图示：一朵淡色云团从紧绷皱缩状态慢慢舒展变圆，云团内有细小爱心粒子，象征'"'"'安全感建立'"'"'；镜头极缓慢推近老三的眼睛。 8-10秒：中景固定镜头，老三猫从自己的垫子上站起，迈出小步，缓慢向老大方向走去，步伐谨慎但主动，尾巴微微上翘；老大猫察觉到动静，侧头看向老三，耳朵轻转，没有炸毛没有后退，只是静静注视；少女在画面远端背景处，侧身靠墙，手臂交叉，冷淡地看着这一幕，嘴角极细微地上扬了一毫米。 10-12秒：近景固定镜头，老三猫走到老大猫身边，在距离一个猫身宽的地方停下，缓缓趴下，两猫并排但不贴靠，各自看向前方；画面整体笼罩在柔雾暖光中，两猫身上各自的光圈装饰图示依然存在但边缘开始轻微交融；少女从画面侧边走过，低头瞥了一眼这两只猫，继续走开，背影冷淡，但衣摆轻轻摆动。 主情绪氛围：冷脸萌、无语感、反差萌、轻科普、宠物始终是画面核心主体。本频道按二次元AI厚涂动态插画处理，整体有柔雾感、厚涂渐变和轻微低清短视频质感；动态只作为插画轻度动态化，主要通过半闭眼眨动、轻微表情变化、头部细动、衣发轻摆、宠物姿态变化和镜头轻微推进完成，不固定具体场景和动作，不依赖复杂逐帧动画，避免高清动漫电影截图感和过度温柔治愈感。' --duration 12 --ratio 16:9 --model_version seedance2.0fast
[2026-05-11T05:10:31+08:00] submit_id=0e93eee8-4ede-469a-8748-f1fc24eb1e3f 仍在排队/生成中，30s 后继续查询
[2026-05-11T05:11:02+08:00] submit_id=0e93eee8-4ede-469a-8748-f1fc24eb1e3f 仍在排队/生成中，30s 后继续查询
[2026-05-11T05:11:32+08:00] submit_id=0e93eee8-4ede-469a-8748-f1fc24eb1e3f 仍在排队/生成中，30s 后继续查询
[2026-05-11T05:12:03+08:00] submit_id=0e93eee8-4ede-469a-8748-f1fc24eb1e3f 仍在排队/生成中，30s 后继续查询
[2026-05-11T05:28:00+08:00] 合并 1 个外部状态更新。
[2026-05-11T05:28:00+08:00] 任务 #17 完成，submit_id=0e93eee8-4ede-469a-8748-f1fc24eb1e3f，已下载到 /Users/sliu/web-project/rich-projects/jimeng-cli/.webui/projects/我养了三只猫住在一起两年了从来没-0510-2359-baec7e48b2/outputs/段落8
[2026-05-11T05:28:00+08:00] 开始任务 #18: /Users/sliu/.local/bin/dreamina text2video --prompt '日系二次元AI厚涂动态插画，柔雾感厚涂渐变，冷淡厌世黑白女仆系少女，猫咪反差萌圆脸大眼，科普用可爱二次元装饰图示。 无字幕文字水印，无真实摄影，无3D，无人声口型，嘴巴自然闭合。 16:9 横屏。本段主场景：榻榻米软垫或地板阳光区域，两猫同框。本段猫咪和主人状态：低位猫在高位猫面前从警惕蜷缩到彻底放松趴平，肚皮朝上露腹，温馨。本段按时间轴分镜：0-2秒：近景固定镜头，画面左侧一只橘猫（高位猫）端坐如雕像、半闭眼冷淡俯视，右侧一只花猫（低位猫）突然从蜷缩状态缓缓侧倒、四脚朝天完全摊平露出肚皮，表情由紧绷变成眯眼傻笑；镜头轻微向两猫中间推进，冷淡女仆少女站在画面右后侧边缘，表情微微一顿、眼皮半耷呈无语状，画面整体柔雾厚涂感，橘猫气场用淡金光晕圈装饰。 2-4秒：特写镜头切至花猫（低位猫）脸部，它仰躺露腹、嘴角微咧眼神散漫，眼睛缓慢眨动一次，耳朵轻轻朝后贴了一下又弹回来，表情极度放松带蠢萌感；左上角浮现一个二次元厚涂装饰图示：两个猫咪轮廓小图，下方猫轮廓旁画一朵小云朵内含「安心」情绪气泡，上方猫轮廓旁画淡金光圈表示高地位，箭头由上向下指示「允许放松信号」。 4-6秒：中景轻微横移镜头，镜头缓慢从高位橘猫横移到低位花猫，橘猫依旧端坐目视前方丝毫未动，旁边低位花猫此刻已完全摊平、一只后腿随意搭在橘猫爪子旁边；冷淡少女俯身微蹲，歪头以无语但认真的眼神平视两猫，嘴角只抿出一条线，头发轻微垂落。 6-8秒：俯拍镜头，从正上方俯视两猫，橘猫居中端坐、低位花猫在其侧方完全摊平成大字形，画面中飘出几个圆润二次元图示装饰：一个猫爪印代表「领地信任」、一朵小云内写波浪线代表「放松波」、两猫之间连一条虚线爱心链；少女的一只手从画面上方边缘伸入，食指轻轻戳了一下低位花猫的肚皮，花猫脚爪微微蜷了一下但完全没挪动，橘猫眼皮微抬瞥了一眼又收回，镜头极缓慢向上拉远。 主情绪氛围：冷脸萌、无语感、反差萌、轻科普、宠物始终是画面核心主体。本频道按二次元AI厚涂动态插画处理，整体有柔雾感、厚涂渐变和轻微低清短视频质感；动态只作为插画轻度动态化，主要通过半闭眼眨动、轻微表情变化、头部细动、衣发轻摆、宠物姿态变化和镜头轻微推进完成，不固定具体场景和动作，不依赖复杂逐帧动画，避免高清动漫电影截图感和过度温柔治愈感。' --duration 8 --ratio 16:9 --model_version seedance2.0fast
[2026-05-11T05:28:01+08:00] submit_id=b51e5981-2ecd-4f3c-8ac4-0d3d235280b8 仍在排队/生成中，30s 后继续查询
[2026-05-11T05:28:32+08:00] submit_id=b51e5981-2ecd-4f3c-8ac4-0d3d235280b8 仍在排队/生成中，30s 后继续查询
[2026-05-11T05:29:02+08:00] submit_id=b51e5981-2ecd-4f3c-8ac4-0d3d235280b8 仍在排队/生成中，30s 后继续查询
[2026-05-11T05:29:33+08:00] submit_id=b51e5981-2ecd-4f3c-8ac4-0d3d235280b8 仍在排队/生成中，30s 后继续查询
[2026-05-11T05:30:03+08:00] submit_id=b51e5981-2ecd-4f3c-8ac4-0d3d235280b8 仍在排队/生成中，30s 后继续查询
[2026-05-11T05:30:34+08:00] submit_id=b51e5981-2ecd-4f3c-8ac4-0d3d235280b8 仍在排队/生成中，30s 后继续查询
[2026-05-11T05:31:04+08:00] submit_id=b51e5981-2ecd-4f3c-8ac4-0d3d235280b8 仍在排队/生成中，30s 后继续查询
[2026-05-11T05:31:35+08:00] submit_id=b51e5981-2ecd-4f3c-8ac4-0d3d235280b8 仍在排队/生成中，30s 后继续查询
[2026-05-11T05:32:05+08:00] submit_id=b51e5981-2ecd-4f3c-8ac4-0d3d235280b8 仍在排队/生成中，30s 后继续查询
[2026-05-11T05:33:03+08:00] 合并 1 个外部状态更新。
[2026-05-11T05:33:03+08:00] 任务 #18 完成，submit_id=b51e5981-2ecd-4f3c-8ac4-0d3d235280b8，已下载到 /Users/sliu/web-project/rich-projects/jimeng-cli/.webui/projects/我养了三只猫住在一起两年了从来没-0510-2359-baec7e48b2/outputs/段落9
[2026-05-11T05:33:03+08:00] 队列结束：成功 18 个，失败 0 个，state 文件: /Users/sliu/web-project/rich-projects/jimeng-cli/.webui/queue-state.json
